<?xml version="1.0" encoding="UTF-8"?>
<testng-results ignored="0" total="1" passed="1" failed="0" skipped="0">
  <reporter-output>
  </reporter-output>
  <suite started-at="2023-08-15T16:23:19 IST" name="Default suite" finished-at="2023-08-15T16:24:00 IST" duration-ms="40220">
    <groups>
    </groups>
    <test started-at="2023-08-15T16:23:19 IST" name="Default test" finished-at="2023-08-15T16:24:00 IST" duration-ms="40220">
      <class name="mavenforjenkins.UITest">
        <test-method signature="startBrowser()[pri:0, instance:mavenforjenkins.UITest@1b11171f]" started-at="2023-08-15T16:23:20 IST" name="startBrowser" finished-at="2023-08-15T16:24:00 IST" duration-ms="40138" status="PASS">
          <reporter-output>
          </reporter-output>
        </test-method> <!-- startBrowser -->
      </class> <!-- mavenforjenkins.UITest -->
    </test> <!-- Default test -->
  </suite> <!-- Default suite -->
</testng-results>
